{"level":"error","message":"Função getPostBySlug --> erro de conexão com a API: fetch failed"}
{"level":"error","message":"Função getPostBySlug --> erro ao obter o post na API para o slug webpack-um-guia-para-iniciantes"}
{"level":"error","message":"Função getPostBySlug --> erro de conexão com a API: fetch failed"}
{"level":"error","message":"Função getPostBySlug --> erro ao obter o post na API para o slug webpack-um-guia-para-iniciantes"}
{"level":"info","message":"Função getPostBySlug --> post obtido com sucesso para o slug sass-simplificando-o-css"}
{"level":"error","message":"Função getAllPosts --> erro de conexão com a API: PrismaClientKnownRequestError: \nInvalid `prisma.post.findMany()` invocation:\n\n\nCan't reach database server at `localhost:5432`\n\nPlease make sure your database server is running at `localhost:5432`."}
{"level":"error","message":"Função getAllPosts --> erro de conexão com a API: PrismaClientInitializationError: \nInvalid `prisma.post.findMany()` invocation:\n\n\nCan't reach database server at `localhost:5432`\n\nPlease make sure your database server is running at `localhost:5432`."}
{"level":"error","message":"Função getAllPosts --> erro de conexão com a API: PrismaClientInitializationError: \nInvalid `prisma.post.findMany()` invocation:\n\n\nCan't reach database server at `localhost:5432`\n\nPlease make sure your database server is running at `localhost:5432`."}
{"level":"error","message":"Função getAllPosts --> erro de conexão com a API: PrismaClientInitializationError: \nInvalid `prisma.post.findMany()` invocation:\n\n\nCan't reach database server at `localhost:5432`\n\nPlease make sure your database server is running at `localhost:5432`."}
{"level":"error","message":"Função getAllPosts --> erro de conexão com a API: PrismaClientInitializationError: \nInvalid `prisma.post.findMany()` invocation:\n\n\nCan't reach database server at `localhost:5432`\n\nPlease make sure your database server is running at `localhost:5432`."}
{"level":"error","message":"Função getAllPosts --> erro de conexão com a API: PrismaClientInitializationError: \nInvalid `prisma.post.findMany()` invocation:\n\n\nCan't reach database server at `localhost:5432`\n\nPlease make sure your database server is running at `localhost:5432`."}
{"level":"error","message":"Função getAllPosts --> erro de conexão com a API: PrismaClientInitializationError: \nInvalid `prisma.post.findMany()` invocation:\n\n\nCan't reach database server at `localhost:5432`\n\nPlease make sure your database server is running at `localhost:5432`."}
{"level":"error","message":"[Fri Aug 23 2024 11:34:58 GMT-0300 (Horário Padrão de Brasília)]Função getAllPosts --> erro de conexão com a API: PrismaClientInitializationError: \nInvalid `prisma.post.findMany()` invocation:\n\n\nCan't reach database server at `localhost:5432`\n\nPlease make sure your database server is running at `localhost:5432`."}
{"level":"error","message":"[Fri Aug 23 2024 11:35:11 GMT-0300 (Horário Padrão de Brasília)]Função getAllPosts --> erro de conexão com a API: PrismaClientInitializationError: \nInvalid `prisma.post.findMany()` invocation:\n\n\nCan't reach database server at `localhost:5432`\n\nPlease make sure your database server is running at `localhost:5432`."}
{"level":"error","message":"Função getPostBySlug --> erro de conexão com a API: fetch failed"}
{"level":"error","message":"Função getPostBySlug --> erro ao obter o post na API para o slug webpack-um-guia-para-iniciantes"}
{"level":"error","message":"[Fri Aug 23 2024 12:06:00 GMT-0300 (Horário Padrão de Brasília)] Função getAllPosts --> erro de conexão com a API: ReferenceError: title is not defined"}
{"level":"info","message":"[Fri Aug 23 2024 12:08:25 GMT-0300 (Horário Padrão de Brasília)] Função getPostBySlug --> post obtido com sucesso para o slug otimizacao-de-performance-no-react"}
{"level":"info","message":"[Fri Aug 23 2024 12:08:29 GMT-0300 (Horário Padrão de Brasília)] Função getPostBySlug --> post obtido com sucesso para o slug otimizacao-de-performance-no-react"}
{"level":"info","message":"[Fri Aug 23 2024 12:08:31 GMT-0300 (Horário Padrão de Brasília)] Função getPostBySlug --> post obtido com sucesso para o slug otimizacao-de-performance-no-react"}
{"level":"info","message":"[Fri Aug 23 2024 12:08:36 GMT-0300 (Horário Padrão de Brasília)] Função getPostBySlug --> post obtido com sucesso para o slug otimizacao-de-performance-no-react"}
{"level":"error","message":"[Fri Aug 23 2024 12:08:38 GMT-0300 (Horário Padrão de Brasília)] Função getPostBySlug --> erro de conexão com a API: fetch failed"}
{"level":"error","message":"[Fri Aug 23 2024 12:08:38 GMT-0300 (Horário Padrão de Brasília)] Função getPostBySlug --> erro ao obter o post na API para o slug otimizacao-de-performance-no-react"}
{"level":"error","message":"[Fri Aug 23 2024 12:33:54 GMT-0300 (Horário Padrão de Brasília)] Função getPostBySlug --> erro de conexão com a API: fetch failed"}
{"level":"error","message":"[Fri Aug 23 2024 12:33:54 GMT-0300 (Horário Padrão de Brasília)] Função getPostBySlug --> erro ao obter o post na API para o slug angular-primeiros-passos"}
{"level":"info","message":"[Fri Aug 23 2024 12:43:36 GMT-0300 (Horário Padrão de Brasília)] Função getPostBySlug --> post obtido com sucesso para o slug angular-primeiros-passos"}
{"level":"info","message":"[Fri Aug 23 2024 12:43:36 GMT-0300 (Horário Padrão de Brasília)] Função getPostBySlug --> post obtido com sucesso para o slug angular-primeiros-passos"}
{"level":"info","message":"[Fri Aug 23 2024 12:43:44 GMT-0300 (Horário Padrão de Brasília)] Função getPostBySlug --> post obtido com sucesso para o slug webpack-um-guia-para-iniciantes"}
{"level":"info","message":"[Fri Aug 23 2024 12:43:49 GMT-0300 (Horário Padrão de Brasília)] Função getPostBySlug --> post obtido com sucesso para o slug webpack-um-guia-para-iniciantes"}
{"level":"info","message":"[Fri Aug 23 2024 12:43:51 GMT-0300 (Horário Padrão de Brasília)] Função getPostBySlug --> post obtido com sucesso para o slug webpack-um-guia-para-iniciantess"}
{"level":"info","message":"[Fri Aug 23 2024 12:43:53 GMT-0300 (Horário Padrão de Brasília)] Função getPostBySlug --> post obtido com sucesso para o slug webpack-um-guia-para-iniciantes"}
{"level":"info","message":"[Fri Aug 23 2024 12:56:05 GMT-0300 (Horário Padrão de Brasília)] Função getPostBySlug --> post obtido com sucesso para o slug otimizacao-de-performance-no-react"}
{"level":"error","message":"[Fri Aug 23 2024 12:56:10 GMT-0300 (Horário Padrão de Brasília)] Função getPostBySlug --> erro ao obter o post na API para o slug otimizacao-de-performance-no-rrreact. Mensagem de erro: Não foi encontrado post para o slug otimizacao-de-performance-no-rrreact"}
{"level":"error","message":"[Fri Aug 23 2024 12:56:10 GMT-0300 (Horário Padrão de Brasília)] Função getPostBySlug --> erro ao obter o post na API para o slug not-found. Mensagem de erro: Não foi encontrado post para o slug not-found"}
{"level":"error","message":"[Fri Aug 23 2024 12:56:10 GMT-0300 (Horário Padrão de Brasília)] Função getPostBySlug --> erro ao obter o post na API para o slug not-found. Mensagem de erro: Não foi encontrado post para o slug not-found"}
{"level":"error","message":"[Fri Aug 23 2024 12:56:10 GMT-0300 (Horário Padrão de Brasília)] Função getPostBySlug --> erro ao obter o post na API para o slug not-found. Mensagem de erro: Não foi encontrado post para o slug not-found"}
{"level":"error","message":"[Fri Aug 23 2024 12:56:10 GMT-0300 (Horário Padrão de Brasília)] Função getPostBySlug --> erro ao obter o post na API para o slug not-found. Mensagem de erro: Não foi encontrado post para o slug not-found"}
{"level":"error","message":"[Fri Aug 23 2024 12:56:10 GMT-0300 (Horário Padrão de Brasília)] Função getPostBySlug --> erro ao obter o post na API para o slug not-found. Mensagem de erro: Não foi encontrado post para o slug not-found"}
{"level":"error","message":"[Fri Aug 23 2024 12:56:11 GMT-0300 (Horário Padrão de Brasília)] Função getPostBySlug --> erro ao obter o post na API para o slug not-found. Mensagem de erro: Não foi encontrado post para o slug not-found"}
{"level":"error","message":"[Fri Aug 23 2024 12:56:11 GMT-0300 (Horário Padrão de Brasília)] Função getPostBySlug --> erro ao obter o post na API para o slug not-found. Mensagem de erro: Não foi encontrado post para o slug not-found"}
{"level":"error","message":"[Fri Aug 23 2024 12:56:11 GMT-0300 (Horário Padrão de Brasília)] Função getPostBySlug --> erro ao obter o post na API para o slug not-found. Mensagem de erro: Não foi encontrado post para o slug not-found"}
{"level":"error","message":"[Fri Aug 23 2024 12:56:11 GMT-0300 (Horário Padrão de Brasília)] Função getPostBySlug --> erro ao obter o post na API para o slug not-found. Mensagem de erro: Não foi encontrado post para o slug not-found"}
{"level":"error","message":"[Fri Aug 23 2024 12:56:11 GMT-0300 (Horário Padrão de Brasília)] Função getPostBySlug --> erro ao obter o post na API para o slug not-found. Mensagem de erro: Não foi encontrado post para o slug not-found"}
{"level":"error","message":"[Fri Aug 23 2024 12:56:11 GMT-0300 (Horário Padrão de Brasília)] Função getPostBySlug --> erro ao obter o post na API para o slug not-found. Mensagem de erro: Não foi encontrado post para o slug not-found"}
{"level":"error","message":"[Fri Aug 23 2024 12:56:11 GMT-0300 (Horário Padrão de Brasília)] Função getPostBySlug --> erro ao obter o post na API para o slug not-found. Mensagem de erro: Não foi encontrado post para o slug not-found"}
{"level":"error","message":"[Fri Aug 23 2024 12:56:11 GMT-0300 (Horário Padrão de Brasília)] Função getPostBySlug --> erro ao obter o post na API para o slug not-found. Mensagem de erro: Não foi encontrado post para o slug not-found"}
{"level":"error","message":"[Fri Aug 23 2024 12:56:11 GMT-0300 (Horário Padrão de Brasília)] Função getPostBySlug --> erro ao obter o post na API para o slug not-found. Mensagem de erro: Não foi encontrado post para o slug not-found"}
{"level":"error","message":"[Fri Aug 23 2024 12:56:11 GMT-0300 (Horário Padrão de Brasília)] Função getPostBySlug --> erro ao obter o post na API para o slug not-found. Mensagem de erro: Não foi encontrado post para o slug not-found"}
{"level":"error","message":"[Fri Aug 23 2024 12:56:12 GMT-0300 (Horário Padrão de Brasília)] Função getPostBySlug --> erro ao obter o post na API para o slug not-found. Mensagem de erro: Não foi encontrado post para o slug not-found"}
{"level":"error","message":"[Fri Aug 23 2024 12:56:12 GMT-0300 (Horário Padrão de Brasília)] Função getPostBySlug --> erro ao obter o post na API para o slug not-found. Mensagem de erro: Não foi encontrado post para o slug not-found"}
{"level":"error","message":"[Fri Aug 23 2024 12:56:12 GMT-0300 (Horário Padrão de Brasília)] Função getPostBySlug --> erro ao obter o post na API para o slug not-found. Mensagem de erro: Não foi encontrado post para o slug not-found"}
{"level":"error","message":"[Fri Aug 23 2024 12:56:12 GMT-0300 (Horário Padrão de Brasília)] Função getPostBySlug --> erro ao obter o post na API para o slug not-found. Mensagem de erro: Não foi encontrado post para o slug not-found"}
{"level":"error","message":"[Fri Aug 23 2024 12:56:13 GMT-0300 (Horário Padrão de Brasília)] Função getPostBySlug --> erro ao obter o post na API para o slug not-found. Mensagem de erro: Não foi encontrado post para o slug not-found"}
{"level":"error","message":"[Fri Aug 23 2024 12:56:13 GMT-0300 (Horário Padrão de Brasília)] Função getPostBySlug --> erro ao obter o post na API para o slug not-found. Mensagem de erro: Não foi encontrado post para o slug not-found"}
{"level":"error","message":"[Fri Aug 23 2024 12:56:14 GMT-0300 (Horário Padrão de Brasília)] Função getPostBySlug --> erro ao obter o post na API para o slug not-found. Mensagem de erro: Não foi encontrado post para o slug not-found"}
{"level":"error","message":"[Fri Aug 23 2024 12:56:14 GMT-0300 (Horário Padrão de Brasília)] Função getPostBySlug --> erro ao obter o post na API para o slug not-found. Mensagem de erro: Não foi encontrado post para o slug not-found"}
{"level":"error","message":"[Fri Aug 23 2024 12:56:14 GMT-0300 (Horário Padrão de Brasília)] Função getPostBySlug --> erro ao obter o post na API para o slug not-found. Mensagem de erro: Não foi encontrado post para o slug not-found"}
{"level":"error","message":"[Fri Aug 23 2024 12:56:14 GMT-0300 (Horário Padrão de Brasília)] Função getPostBySlug --> erro ao obter o post na API para o slug not-found. Mensagem de erro: Não foi encontrado post para o slug not-found"}
{"level":"error","message":"[Fri Aug 23 2024 12:56:14 GMT-0300 (Horário Padrão de Brasília)] Função getPostBySlug --> erro ao obter o post na API para o slug not-found. Mensagem de erro: Não foi encontrado post para o slug not-found"}
{"level":"error","message":"[Fri Aug 23 2024 12:56:14 GMT-0300 (Horário Padrão de Brasília)] Função getPostBySlug --> erro ao obter o post na API para o slug not-found. Mensagem de erro: Não foi encontrado post para o slug not-found"}
{"level":"error","message":"[Fri Aug 23 2024 12:56:14 GMT-0300 (Horário Padrão de Brasília)] Função getPostBySlug --> erro ao obter o post na API para o slug not-found. Mensagem de erro: Não foi encontrado post para o slug not-found"}
{"level":"error","message":"[Fri Aug 23 2024 12:56:14 GMT-0300 (Horário Padrão de Brasília)] Função getPostBySlug --> erro ao obter o post na API para o slug not-found. Mensagem de erro: Não foi encontrado post para o slug not-found"}
{"level":"error","message":"[Fri Aug 23 2024 12:56:14 GMT-0300 (Horário Padrão de Brasília)] Função getPostBySlug --> erro ao obter o post na API para o slug not-found. Mensagem de erro: Não foi encontrado post para o slug not-found"}
{"level":"error","message":"[Fri Aug 23 2024 12:56:14 GMT-0300 (Horário Padrão de Brasília)] Função getPostBySlug --> erro ao obter o post na API para o slug not-found. Mensagem de erro: Não foi encontrado post para o slug not-found"}
{"level":"error","message":"[Fri Aug 23 2024 12:56:14 GMT-0300 (Horário Padrão de Brasília)] Função getPostBySlug --> erro ao obter o post na API para o slug not-found. Mensagem de erro: Não foi encontrado post para o slug not-found"}
{"level":"error","message":"[Fri Aug 23 2024 12:56:15 GMT-0300 (Horário Padrão de Brasília)] Função getPostBySlug --> erro ao obter o post na API para o slug not-found. Mensagem de erro: Não foi encontrado post para o slug not-found"}
{"level":"error","message":"[Fri Aug 23 2024 12:56:15 GMT-0300 (Horário Padrão de Brasília)] Função getPostBySlug --> erro ao obter o post na API para o slug not-found. Mensagem de erro: Não foi encontrado post para o slug not-found"}
{"level":"error","message":"[Fri Aug 23 2024 12:56:15 GMT-0300 (Horário Padrão de Brasília)] Função getPostBySlug --> erro ao obter o post na API para o slug not-found. Mensagem de erro: Não foi encontrado post para o slug not-found"}
{"level":"error","message":"[Fri Aug 23 2024 12:56:15 GMT-0300 (Horário Padrão de Brasília)] Função getPostBySlug --> erro ao obter o post na API para o slug not-found. Mensagem de erro: Não foi encontrado post para o slug not-found"}
{"level":"error","message":"[Fri Aug 23 2024 12:56:15 GMT-0300 (Horário Padrão de Brasília)] Função getPostBySlug --> erro ao obter o post na API para o slug not-found. Mensagem de erro: Não foi encontrado post para o slug not-found"}
{"level":"error","message":"[Fri Aug 23 2024 12:56:15 GMT-0300 (Horário Padrão de Brasília)] Função getPostBySlug --> erro ao obter o post na API para o slug not-found. Mensagem de erro: Não foi encontrado post para o slug not-found"}
{"level":"error","message":"[Fri Aug 23 2024 12:56:15 GMT-0300 (Horário Padrão de Brasília)] Função getPostBySlug --> erro ao obter o post na API para o slug not-found. Mensagem de erro: Não foi encontrado post para o slug not-found"}
{"level":"info","message":"[Fri Aug 23 2024 12:56:28 GMT-0300 (Horário Padrão de Brasília)] Função getPostBySlug --> post obtido com sucesso para o slug otimizacao-de-performance-no-react"}
{"level":"error","message":"[Fri Aug 23 2024 12:56:32 GMT-0300 (Horário Padrão de Brasília)] Função getPostBySlug --> erro ao obter o post na API para o slug otimizaco-de-performance-no-react. Mensagem de erro: Não foi encontrado post para o slug otimizaco-de-performance-no-react"}
{"level":"info","message":"[Fri Aug 23 2024 12:58:54 GMT-0300 (Horário Padrão de Brasília)] Função getPostBySlug --> post obtido com sucesso para o slug css-grid-na-pratica"}
{"level":"error","message":"[Fri Aug 23 2024 12:58:58 GMT-0300 (Horário Padrão de Brasília)] Função getPostBySlug --> erro ao obter o post na API para o slug 1. Mensagem de erro: Não foi encontrado post para o slug 1"}
{"level":"error","message":"[Fri Aug 23 2024 13:00:56 GMT-0300 (Horário Padrão de Brasília)] Função getPostBySlug --> erro ao obter o post na API para o slug 1. Mensagem de erro: Não foi encontrado post para o slug 1"}
{"level":"info","message":"[Fri Aug 23 2024 13:15:18 GMT-0300 (Horário Padrão de Brasília)] Função getPostBySlug --> post obtido com sucesso para o slug webpack-um-guia-para-iniciantes"}
{"level":"info","message":"[Fri Aug 23 2024 16:36:54 GMT-0300 (Horário Padrão de Brasília)] Função getPostBySlug --> post obtido com sucesso para o slug sass-simplificando-o-css"}
{"level":"error","message":"[Fri Aug 23 2024 16:39:00 GMT-0300 (Horário Padrão de Brasília)] Função getPostBySlug --> erro ao obter o post na API para o slug sass-simplificando-o-csss. Mensagem de erro: Não foi encontrado post para o slug sass-simplificando-o-csss"}
{"level":"info","message":"[Fri Aug 23 2024 16:39:04 GMT-0300 (Horário Padrão de Brasília)] Função getPostBySlug --> post obtido com sucesso para o slug sass-simplificando-o-css"}
{"level":"info","message":"[Fri Aug 23 2024 16:39:05 GMT-0300 (Horário Padrão de Brasília)] Função getPostBySlug --> post obtido com sucesso para o slug sass-simplificando-o-css"}
{"level":"info","message":"[Wed Aug 28 2024 11:04:39 GMT-0300 (Horário Padrão de Brasília)] Função getPostBySlug --> post obtido com sucesso para o slug gerenciamento-de-estado-com-redux"}
{"level":"info","message":"[Wed Aug 28 2024 12:35:59 GMT-0300 (Horário Padrão de Brasília)] Função getPostBySlug --> post obtido com sucesso para o slug introducao-ao-react"}
