{"level":"error","message":"Função getPostBySlug --> erro de conexão com a API: fetch failed"}
{"level":"error","message":"Função getPostBySlug --> erro ao obter o post na API para o slug webpack-um-guia-para-iniciantes"}
{"level":"error","message":"Função getPostBySlug --> erro de conexão com a API: fetch failed"}
{"level":"error","message":"Função getPostBySlug --> erro ao obter o post na API para o slug webpack-um-guia-para-iniciantes"}
{"level":"error","message":"Função getAllPosts --> erro de conexão com a API: PrismaClientKnownRequestError: \nInvalid `prisma.post.findMany()` invocation:\n\n\nCan't reach database server at `localhost:5432`\n\nPlease make sure your database server is running at `localhost:5432`."}
{"level":"error","message":"Função getAllPosts --> erro de conexão com a API: PrismaClientInitializationError: \nInvalid `prisma.post.findMany()` invocation:\n\n\nCan't reach database server at `localhost:5432`\n\nPlease make sure your database server is running at `localhost:5432`."}
{"level":"error","message":"Função getAllPosts --> erro de conexão com a API: PrismaClientInitializationError: \nInvalid `prisma.post.findMany()` invocation:\n\n\nCan't reach database server at `localhost:5432`\n\nPlease make sure your database server is running at `localhost:5432`."}
{"level":"error","message":"Função getAllPosts --> erro de conexão com a API: PrismaClientInitializationError: \nInvalid `prisma.post.findMany()` invocation:\n\n\nCan't reach database server at `localhost:5432`\n\nPlease make sure your database server is running at `localhost:5432`."}
{"level":"error","message":"Função getAllPosts --> erro de conexão com a API: PrismaClientInitializationError: \nInvalid `prisma.post.findMany()` invocation:\n\n\nCan't reach database server at `localhost:5432`\n\nPlease make sure your database server is running at `localhost:5432`."}
{"level":"error","message":"Função getAllPosts --> erro de conexão com a API: PrismaClientInitializationError: \nInvalid `prisma.post.findMany()` invocation:\n\n\nCan't reach database server at `localhost:5432`\n\nPlease make sure your database server is running at `localhost:5432`."}
{"level":"error","message":"Função getAllPosts --> erro de conexão com a API: PrismaClientInitializationError: \nInvalid `prisma.post.findMany()` invocation:\n\n\nCan't reach database server at `localhost:5432`\n\nPlease make sure your database server is running at `localhost:5432`."}
{"level":"error","message":"[Fri Aug 23 2024 11:34:58 GMT-0300 (Horário Padrão de Brasília)]Função getAllPosts --> erro de conexão com a API: PrismaClientInitializationError: \nInvalid `prisma.post.findMany()` invocation:\n\n\nCan't reach database server at `localhost:5432`\n\nPlease make sure your database server is running at `localhost:5432`."}
{"level":"error","message":"[Fri Aug 23 2024 11:35:11 GMT-0300 (Horário Padrão de Brasília)]Função getAllPosts --> erro de conexão com a API: PrismaClientInitializationError: \nInvalid `prisma.post.findMany()` invocation:\n\n\nCan't reach database server at `localhost:5432`\n\nPlease make sure your database server is running at `localhost:5432`."}
{"level":"error","message":"Função getPostBySlug --> erro de conexão com a API: fetch failed"}
{"level":"error","message":"Função getPostBySlug --> erro ao obter o post na API para o slug webpack-um-guia-para-iniciantes"}
{"level":"error","message":"[Fri Aug 23 2024 12:06:00 GMT-0300 (Horário Padrão de Brasília)] Função getAllPosts --> erro de conexão com a API: ReferenceError: title is not defined"}
{"level":"error","message":"[Fri Aug 23 2024 12:08:38 GMT-0300 (Horário Padrão de Brasília)] Função getPostBySlug --> erro de conexão com a API: fetch failed"}
{"level":"error","message":"[Fri Aug 23 2024 12:08:38 GMT-0300 (Horário Padrão de Brasília)] Função getPostBySlug --> erro ao obter o post na API para o slug otimizacao-de-performance-no-react"}
{"level":"error","message":"[Fri Aug 23 2024 12:33:54 GMT-0300 (Horário Padrão de Brasília)] Função getPostBySlug --> erro de conexão com a API: fetch failed"}
{"level":"error","message":"[Fri Aug 23 2024 12:33:54 GMT-0300 (Horário Padrão de Brasília)] Função getPostBySlug --> erro ao obter o post na API para o slug angular-primeiros-passos"}
